# JRE version: Java(TM) SE Runtime Environment (8.0_102-b14) (build 1.8.0_102-b14)
# Java VM: Java HotSpot(TM) 64-Bit Server VM (25.102-b14 mixed mode windows-amd64 compressed oops)
Heap:
 PSYoungGen      total 240640K, used 140465K [0x000000076b200000, 0x0000000781d00000, 0x00000007c0000000)
  eden space 180736K, 67% used [0x000000076b200000,0x000000077288e4d8,0x0000000776280000)
  from space 59904K, 31% used [0x0000000776280000,0x000000077751e318,0x0000000779d00000)
  to   space 84992K, 0% used [0x000000077ca00000,0x000000077ca00000,0x0000000781d00000)
 ParOldGen       total 467968K, used 185156K [0x00000006c1600000, 0x00000006ddf00000, 0x000000076b200000)
  object space 467968K, 39% used [0x00000006c1600000,0x00000006ccad10d0,0x00000006ddf00000)
 Metaspace       used 42447K, capacity 44324K, committed 44416K, reserved 1087488K
  class space    used 5550K, capacity 6000K, committed 6016K, reserved 1048576K
GC Heap History (10 events):
Event: 10.999 GC heap before
{Heap before GC invocations=8 (full 2):
 PSYoungGen      total 141824K, used 131000K [0x000000076b200000, 0x0000000778a80000, 0x00000007c0000000)
  eden space 131072K, 99% used [0x000000076b200000,0x00000007731ee118,0x0000000773200000)
  from space 10752K, 0% used [0x0000000773200000,0x0000000773200000,0x0000000773c80000)
  to   space 16896K, 0% used [0x0000000777a00000,0x0000000777a00000,0x0000000778a80000)
 ParOldGen       total 185344K, used 19934K [0x00000006c1600000, 0x00000006ccb00000, 0x000000076b200000)
  object space 185344K, 10% used [0x00000006c1600000,0x00000006c2977930,0x00000006ccb00000)
 Metaspace       used 39377K, capacity 41028K, committed 41088K, reserved 1085440K
  class space    used 5281K, capacity 5716K, committed 5760K, reserved 1048576K
Event: 11.005 GC heap after
Heap after GC invocations=8 (full 2):
 PSYoungGen      total 181248K, used 7624K [0x000000076b200000, 0x0000000778180000, 0x00000007c0000000)
  eden space 173568K, 0% used [0x000000076b200000,0x000000076b200000,0x0000000775b80000)
  from space 7680K, 99% used [0x0000000777a00000,0x00000007781723c0,0x0000000778180000)
  to   space 16896K, 0% used [0x0000000776080000,0x0000000776080000,0x0000000777100000)
 ParOldGen       total 185344K, used 19942K [0x00000006c1600000, 0x00000006ccb00000, 0x000000076b200000)
  object space 185344K, 10% used [0x00000006c1600000,0x00000006c2979930,0x00000006ccb00000)
 Metaspace       used 39377K, capacity 41028K, committed 41088K, reserved 1085440K
  class space    used 5281K, capacity 5716K, committed 5760K, reserved 1048576K
}
Event: 12.181 GC heap before
{Heap before GC invocations=9 (full 2):
 PSYoungGen      total 181248K, used 181192K [0x000000076b200000, 0x0000000778180000, 0x00000007c0000000)
  eden space 173568K, 100% used [0x000000076b200000,0x0000000775b80000,0x0000000775b80000)
  from space 7680K, 99% used [0x0000000777a00000,0x00000007781723c0,0x0000000778180000)
  to   space 16896K, 0% used [0x0000000776080000,0x0000000776080000,0x0000000777100000)
 ParOldGen       total 185344K, used 19942K [0x00000006c1600000, 0x00000006ccb00000, 0x000000076b200000)
  object space 185344K, 10% used [0x00000006c1600000,0x00000006c2979930,0x00000006ccb00000)
 Metaspace       used 39480K, capacity 41156K, committed 41344K, reserved 1085440K
  class space    used 5286K, capacity 5716K, committed 5760K, reserved 1048576K
Event: 12.188 GC heap after
Heap after GC invocations=9 (full 2):
 PSYoungGen      total 195584K, used 14074K [0x000000076b200000, 0x000000077ae80000, 0x00000007c0000000)
  eden space 178688K, 0% used [0x000000076b200000,0x000000076b200000,0x0000000776080000)
  from space 16896K, 83% used [0x0000000776080000,0x0000000776e3ea68,0x0000000777100000)
  to   space 17920K, 0% used [0x0000000779d00000,0x0000000779d00000,0x000000077ae80000)
 ParOldGen       total 185344K, used 19950K [0x00000006c1600000, 0x00000006ccb00000, 0x000000076b200000)
  object space 185344K, 10% used [0x00000006c1600000,0x00000006c297b930,0x00000006ccb00000)
 Metaspace       used 39480K, capacity 41156K, committed 41344K, reserved 1085440K
  class space    used 5286K, capacity 5716K, committed 5760K, reserved 1048576K
}
Event: 25.078 GC heap before
{Heap before GC invocations=10 (full 2):
 PSYoungGen      total 195584K, used 192578K [0x000000076b200000, 0x000000077ae80000, 0x00000007c0000000)
  eden space 178688K, 99% used [0x000000076b200000,0x0000000776051dc0,0x0000000776080000)
  from space 16896K, 83% used [0x0000000776080000,0x0000000776e3ea68,0x0000000777100000)
  to   space 17920K, 0% used [0x0000000779d00000,0x0000000779d00000,0x000000077ae80000)
 ParOldGen       total 185344K, used 19950K [0x00000006c1600000, 0x00000006ccb00000, 0x000000076b200000)
  object space 185344K, 10% used [0x00000006c1600000,0x00000006c297b930,0x00000006ccb00000)
 Metaspace       used 40125K, capacity 41796K, committed 41856K, reserved 1085440K
  class space    used 5286K, capacity 5716K, committed 5760K, reserved 1048576K
Event: 25.106 GC heap after
Heap after GC invocations=10 (full 2):
 PSYoungGen      total 198656K, used 17910K [0x000000076b200000, 0x000000077fe80000, 0x00000007c0000000)
  eden space 180736K, 0% used [0x000000076b200000,0x000000076b200000,0x0000000776280000)
  from space 17920K, 99% used [0x0000000779d00000,0x000000077ae7dab0,0x000000077ae80000)
  to   space 59904K, 0% used [0x0000000776280000,0x0000000776280000,0x0000000779d00000)
 ParOldGen       total 185344K, used 111548K [0x00000006c1600000, 0x00000006ccb00000, 0x000000076b200000)
  object space 185344K, 60% used [0x00000006c1600000,0x00000006c82ef0e0,0x00000006ccb00000)
 Metaspace       used 40125K, capacity 41796K, committed 41856K, reserved 1085440K
  class space    used 5286K, capacity 5716K, committed 5760K, reserved 1048576K
}
Event: 45.744 GC heap before
{Heap before GC invocations=11 (full 2):
 PSYoungGen      total 198656K, used 198646K [0x000000076b200000, 0x000000077fe80000, 0x00000007c0000000)
  eden space 180736K, 100% used [0x000000076b200000,0x0000000776280000,0x0000000776280000)
  from space 17920K, 99% used [0x0000000779d00000,0x000000077ae7dab0,0x000000077ae80000)
  to   space 59904K, 0% used [0x0000000776280000,0x0000000776280000,0x0000000779d00000)
 ParOldGen       total 185344K, used 111548K [0x00000006c1600000, 0x00000006ccb00000, 0x000000076b200000)
  object space 185344K, 60% used [0x00000006c1600000,0x00000006c82ef0e0,0x00000006ccb00000)
 Metaspace       used 40936K, capacity 42648K, committed 42752K, reserved 1085440K
  class space    used 5373K, capacity 5806K, committed 5888K, reserved 1048576K
Event: 45.770 GC heap after
Heap after GC invocations=11 (full 2):
 PSYoungGen      total 240640K, used 59884K [0x000000076b200000, 0x0000000781d00000, 0x00000007c0000000)
  eden space 180736K, 0% used [0x000000076b200000,0x000000076b200000,0x0000000776280000)
  from space 59904K, 99% used [0x0000000776280000,0x0000000779cfb0e0,0x0000000779d00000)
  to   space 84992K, 0% used [0x000000077ca00000,0x000000077ca00000,0x0000000781d00000)
 ParOldGen       total 185344K, used 146710K [0x00000006c1600000, 0x00000006ccb00000, 0x000000076b200000)
  object space 185344K, 79% used [0x00000006c1600000,0x00000006ca5458d8,0x00000006ccb00000)
 Metaspace       used 40936K, capacity 42648K, committed 42752K, reserved 1085440K
  class space    used 5373K, capacity 5806K, committed 5888K, reserved 1048576K
}
Event: 45.770 GC heap before
{Heap before GC invocations=12 (full 3):
 PSYoungGen      total 240640K, used 59884K [0x000000076b200000, 0x0000000781d00000, 0x00000007c0000000)
  eden space 180736K, 0% used [0x000000076b200000,0x000000076b200000,0x0000000776280000)
  from space 59904K, 99% used [0x0000000776280000,0x0000000779cfb0e0,0x0000000779d00000)
  to   space 84992K, 0% used [0x000000077ca00000,0x000000077ca00000,0x0000000781d00000)
 ParOldGen       total 185344K, used 146710K [0x00000006c1600000, 0x00000006ccb00000, 0x000000076b200000)
  object space 185344K, 79% used [0x00000006c1600000,0x00000006ca5458d8,0x00000006ccb00000)
 Metaspace       used 40936K, capacity 42648K, committed 42752K, reserved 1085440K
  class space    used 5373K, capacity 5806K, committed 5888K, reserved 1048576K
Event: 45.960 GC heap after
Heap after GC invocations=12 (full 3):
 PSYoungGen      total 240640K, used 19064K [0x000000076b200000, 0x0000000781d00000, 0x00000007c0000000)
  eden space 180736K, 0% used [0x000000076b200000,0x000000076b200000,0x0000000776280000)
  from space 59904K, 31% used [0x0000000776280000,0x000000077751e318,0x0000000779d00000)
  to   space 84992K, 0% used [0x000000077ca00000,0x000000077ca00000,0x0000000781d00000)
 ParOldGen       total 467968K, used 185156K [0x00000006c1600000, 0x00000006ddf00000, 0x000000076b200000)
  object space 467968K, 39% used [0x00000006c1600000,0x00000006ccad10d0,0x00000006ddf00000)
 Metaspace       used 40936K, capacity 42648K, committed 42752K, reserved 1085440K
  class space    used 5373K, capacity 5806K, committed 5888K, reserved 1048576K
}

