# JRE version: Java(TM) SE Runtime Environment (8.0_102-b14) (build 1.8.0_102-b14)
# Java VM: Java HotSpot(TM) 64-Bit Server VM (25.102-b14 mixed mode windows-amd64 compressed oops)
Heap:
 PSYoungGen      total 297472K, used 166641K [0x000000076b200000, 0x0000000782480000, 0x00000007c0000000)
  eden space 224768K, 59% used [0x000000076b200000,0x000000077340aff8,0x0000000778d80000)
  from space 72704K, 46% used [0x0000000778d80000,0x000000077ae31418,0x000000077d480000)
  to   space 69120K, 0% used [0x000000077e100000,0x000000077e100000,0x0000000782480000)
 ParOldGen       total 434176K, used 172912K [0x00000006c1600000, 0x00000006dbe00000, 0x000000076b200000)
  object space 434176K, 39% used [0x00000006c1600000,0x00000006cbedc058,0x00000006dbe00000)
 Metaspace       used 43988K, capacity 46142K, committed 46464K, reserved 1089536K
  class space    used 5665K, capacity 6151K, committed 6272K, reserved 1048576K
GC Heap History (10 events):
Event: 112.735 GC heap before
{Heap before GC invocations=12 (full 3):
 PSYoungGen      total 241152K, used 61416K [0x000000076b200000, 0x0000000781e00000, 0x00000007c0000000)
  eden space 179712K, 0% used [0x000000076b200000,0x000000076b200000,0x0000000776180000)
  from space 61440K, 99% used [0x0000000776180000,0x0000000779d7a200,0x0000000779d80000)
  to   space 84480K, 0% used [0x000000077cb80000,0x000000077cb80000,0x0000000781e00000)
 ParOldGen       total 173568K, used 146842K [0x00000006c1600000, 0x00000006cbf80000, 0x000000076b200000)
  object space 173568K, 84% used [0x00000006c1600000,0x00000006ca566af8,0x00000006cbf80000)
 Metaspace       used 42267K, capacity 44158K, committed 44416K, reserved 1087488K
  class space    used 5483K, capacity 5919K, committed 6016K, reserved 1048576K
Event: 112.934 GC heap after
Heap after GC invocations=12 (full 3):
 PSYoungGen      total 241152K, used 32856K [0x000000076b200000, 0x0000000781e00000, 0x00000007c0000000)
  eden space 179712K, 0% used [0x000000076b200000,0x000000076b200000,0x0000000776180000)
  from space 61440K, 53% used [0x0000000776180000,0x0000000778196048,0x0000000779d80000)
  to   space 84480K, 0% used [0x000000077cb80000,0x000000077cb80000,0x0000000781e00000)
 ParOldGen       total 434176K, used 172888K [0x00000006c1600000, 0x00000006dbe00000, 0x000000076b200000)
  object space 434176K, 39% used [0x00000006c1600000,0x00000006cbed6058,0x00000006dbe00000)
 Metaspace       used 42267K, capacity 44158K, committed 44416K, reserved 1087488K
  class space    used 5483K, capacity 5919K, committed 6016K, reserved 1048576K
}
Event: 160.232 GC heap before
{Heap before GC invocations=13 (full 3):
 PSYoungGen      total 241152K, used 212568K [0x000000076b200000, 0x0000000781e00000, 0x00000007c0000000)
  eden space 179712K, 100% used [0x000000076b200000,0x0000000776180000,0x0000000776180000)
  from space 61440K, 53% used [0x0000000776180000,0x0000000778196048,0x0000000779d80000)
  to   space 84480K, 0% used [0x000000077cb80000,0x000000077cb80000,0x0000000781e00000)
 ParOldGen       total 434176K, used 172888K [0x00000006c1600000, 0x00000006dbe00000, 0x000000076b200000)
  object space 434176K, 39% used [0x00000006c1600000,0x00000006cbed6058,0x00000006dbe00000)
 Metaspace       used 42569K, capacity 44534K, committed 44672K, reserved 1087488K
  class space    used 5495K, capacity 5935K, committed 6016K, reserved 1048576K
Event: 160.248 GC heap after
Heap after GC invocations=13 (full 3):
 PSYoungGen      total 283136K, used 33235K [0x000000076b200000, 0x0000000781700000, 0x00000007c0000000)
  eden space 205824K, 0% used [0x000000076b200000,0x000000076b200000,0x0000000777b00000)
  from space 77312K, 42% used [0x000000077cb80000,0x000000077ebf4d40,0x0000000781700000)
  to   space 79872K, 0% used [0x0000000777b00000,0x0000000777b00000,0x000000077c900000)
 ParOldGen       total 434176K, used 172896K [0x00000006c1600000, 0x00000006dbe00000, 0x000000076b200000)
  object space 434176K, 39% used [0x00000006c1600000,0x00000006cbed8058,0x00000006dbe00000)
 Metaspace       used 42569K, capacity 44534K, committed 44672K, reserved 1087488K
  class space    used 5495K, capacity 5935K, committed 6016K, reserved 1048576K
}
Event: 224.200 GC heap before
{Heap before GC invocations=14 (full 3):
 PSYoungGen      total 283136K, used 239059K [0x000000076b200000, 0x0000000781700000, 0x00000007c0000000)
  eden space 205824K, 100% used [0x000000076b200000,0x0000000777b00000,0x0000000777b00000)
  from space 77312K, 42% used [0x000000077cb80000,0x000000077ebf4d40,0x0000000781700000)
  to   space 79872K, 0% used [0x0000000777b00000,0x0000000777b00000,0x000000077c900000)
 ParOldGen       total 434176K, used 172896K [0x00000006c1600000, 0x00000006dbe00000, 0x000000076b200000)
  object space 434176K, 39% used [0x00000006c1600000,0x00000006cbed8058,0x00000006dbe00000)
 Metaspace       used 42569K, capacity 44534K, committed 44672K, reserved 1087488K
  class space    used 5495K, capacity 5935K, committed 6016K, reserved 1048576K
Event: 224.207 GC heap after
Heap after GC invocations=14 (full 3):
 PSYoungGen      total 285696K, used 33189K [0x000000076b200000, 0x0000000782780000, 0x00000007c0000000)
  eden space 205824K, 0% used [0x000000076b200000,0x000000076b200000,0x0000000777b00000)
  from space 79872K, 41% used [0x0000000777b00000,0x0000000779b69418,0x000000077c900000)
  to   space 76288K, 0% used [0x000000077dd00000,0x000000077dd00000,0x0000000782780000)
 ParOldGen       total 434176K, used 172904K [0x00000006c1600000, 0x00000006dbe00000, 0x000000076b200000)
  object space 434176K, 39% used [0x00000006c1600000,0x00000006cbeda058,0x00000006dbe00000)
 Metaspace       used 42569K, capacity 44534K, committed 44672K, reserved 1087488K
  class space    used 5495K, capacity 5935K, committed 6016K, reserved 1048576K
}
Event: 288.136 GC heap before
{Heap before GC invocations=15 (full 3):
 PSYoungGen      total 285696K, used 239013K [0x000000076b200000, 0x0000000782780000, 0x00000007c0000000)
  eden space 205824K, 100% used [0x000000076b200000,0x0000000777b00000,0x0000000777b00000)
  from space 79872K, 41% used [0x0000000777b00000,0x0000000779b69418,0x000000077c900000)
  to   space 76288K, 0% used [0x000000077dd00000,0x000000077dd00000,0x0000000782780000)
 ParOldGen       total 434176K, used 172904K [0x00000006c1600000, 0x00000006dbe00000, 0x000000076b200000)
  object space 434176K, 39% used [0x00000006c1600000,0x00000006cbeda058,0x00000006dbe00000)
 Metaspace       used 42570K, capacity 44534K, committed 44672K, reserved 1087488K
  class space    used 5495K, capacity 5935K, committed 6016K, reserved 1048576K
Event: 288.145 GC heap after
Heap after GC invocations=15 (full 3):
 PSYoungGen      total 288768K, used 33189K [0x000000076b200000, 0x0000000781b80000, 0x00000007c0000000)
  eden space 224768K, 0% used [0x000000076b200000,0x000000076b200000,0x0000000778d80000)
  from space 64000K, 51% used [0x000000077dd00000,0x000000077fd69418,0x0000000781b80000)
  to   space 72704K, 0% used [0x0000000778d80000,0x0000000778d80000,0x000000077d480000)
 ParOldGen       total 434176K, used 172904K [0x00000006c1600000, 0x00000006dbe00000, 0x000000076b200000)
  object space 434176K, 39% used [0x00000006c1600000,0x00000006cbeda058,0x00000006dbe00000)
 Metaspace       used 42570K, capacity 44534K, committed 44672K, reserved 1087488K
  class space    used 5495K, capacity 5935K, committed 6016K, reserved 1048576K
}
Event: 343.304 GC heap before
{Heap before GC invocations=16 (full 3):
 PSYoungGen      total 288768K, used 257957K [0x000000076b200000, 0x0000000781b80000, 0x00000007c0000000)
  eden space 224768K, 100% used [0x000000076b200000,0x0000000778d80000,0x0000000778d80000)
  from space 64000K, 51% used [0x000000077dd00000,0x000000077fd69418,0x0000000781b80000)
  to   space 72704K, 0% used [0x0000000778d80000,0x0000000778d80000,0x000000077d480000)
 ParOldGen       total 434176K, used 172904K [0x00000006c1600000, 0x00000006dbe00000, 0x000000076b200000)
  object space 434176K, 39% used [0x00000006c1600000,0x00000006cbeda058,0x00000006dbe00000)
 Metaspace       used 42965K, capacity 44966K, committed 45184K, reserved 1089536K
  class space    used 5513K, capacity 5969K, committed 6016K, reserved 1048576K
Event: 343.312 GC heap after
Heap after GC invocations=16 (full 3):
 PSYoungGen      total 297472K, used 33477K [0x000000076b200000, 0x0000000782480000, 0x00000007c0000000)
  eden space 224768K, 0% used [0x000000076b200000,0x000000076b200000,0x0000000778d80000)
  from space 72704K, 46% used [0x0000000778d80000,0x000000077ae31418,0x000000077d480000)
  to   space 69120K, 0% used [0x000000077e100000,0x000000077e100000,0x0000000782480000)
 ParOldGen       total 434176K, used 172912K [0x00000006c1600000, 0x00000006dbe00000, 0x000000076b200000)
  object space 434176K, 39% used [0x00000006c1600000,0x00000006cbedc058,0x00000006dbe00000)
 Metaspace       used 42965K, capacity 44966K, committed 45184K, reserved 1089536K
  class space    used 5513K, capacity 5969K, committed 6016K, reserved 1048576K
}

