# JRE version: Java(TM) SE Runtime Environment (8.0_102-b14) (build 1.8.0_102-b14)
# Java VM: Java HotSpot(TM) 64-Bit Server VM (25.102-b14 mixed mode windows-amd64 compressed oops)
Heap:
 PSYoungGen      total 294912K, used 242361K [0x000000076b200000, 0x0000000782400000, 0x00000007c0000000)
  eden space 218112K, 97% used [0x000000076b200000,0x0000000778218c20,0x0000000778700000)
  from space 76800K, 38% used [0x000000077d900000,0x000000077f595a10,0x0000000782400000)
  to   space 80384K, 0% used [0x0000000778700000,0x0000000778700000,0x000000077d580000)
 ParOldGen       total 439296K, used 174874K [0x00000006c1600000, 0x00000006dc300000, 0x000000076b200000)
  object space 439296K, 39% used [0x00000006c1600000,0x00000006cc0c6b28,0x00000006dc300000)
 Metaspace       used 42181K, capacity 44148K, committed 44160K, reserved 1087488K
  class space    used 5533K, capacity 6004K, committed 6016K, reserved 1048576K
GC Heap History (10 events):
Event: 12.717 GC heap before
{Heap before GC invocations=9 (full 2):
 PSYoungGen      total 188416K, used 188009K [0x000000076b200000, 0x0000000778780000, 0x00000007c0000000)
  eden space 180224K, 100% used [0x000000076b200000,0x0000000776200000,0x0000000776200000)
  from space 8192K, 95% used [0x0000000777f80000,0x000000077871a5a0,0x0000000778780000)
  to   space 16896K, 0% used [0x0000000776680000,0x0000000776680000,0x0000000777700000)
 ParOldGen       total 175616K, used 19959K [0x00000006c1600000, 0x00000006cc180000, 0x000000076b200000)
  object space 175616K, 11% used [0x00000006c1600000,0x00000006c297dfb0,0x00000006cc180000)
 Metaspace       used 39477K, capacity 41156K, committed 41344K, reserved 1085440K
  class space    used 5283K, capacity 5716K, committed 5760K, reserved 1048576K
Event: 12.723 GC heap after
Heap after GC invocations=9 (full 2):
 PSYoungGen      total 201728K, used 15702K [0x000000076b200000, 0x000000077bd80000, 0x00000007c0000000)
  eden space 184832K, 0% used [0x000000076b200000,0x000000076b200000,0x0000000776680000)
  from space 16896K, 92% used [0x0000000776680000,0x00000007775d5a88,0x0000000777700000)
  to   space 18432K, 0% used [0x000000077ab80000,0x000000077ab80000,0x000000077bd80000)
 ParOldGen       total 175616K, used 19967K [0x00000006c1600000, 0x00000006cc180000, 0x000000076b200000)
  object space 175616K, 11% used [0x00000006c1600000,0x00000006c297ffb0,0x00000006cc180000)
 Metaspace       used 39477K, capacity 41156K, committed 41344K, reserved 1085440K
  class space    used 5283K, capacity 5716K, committed 5760K, reserved 1048576K
}
Event: 37.852 GC heap before
{Heap before GC invocations=10 (full 2):
 PSYoungGen      total 201728K, used 200293K [0x000000076b200000, 0x000000077bd80000, 0x00000007c0000000)
  eden space 184832K, 99% used [0x000000076b200000,0x0000000776643ac8,0x0000000776680000)
  from space 16896K, 92% used [0x0000000776680000,0x00000007775d5a88,0x0000000777700000)
  to   space 18432K, 0% used [0x000000077ab80000,0x000000077ab80000,0x000000077bd80000)
 ParOldGen       total 175616K, used 19967K [0x00000006c1600000, 0x00000006cc180000, 0x000000076b200000)
  object space 175616K, 11% used [0x00000006c1600000,0x00000006c297ffb0,0x00000006cc180000)
 Metaspace       used 40089K, capacity 41732K, committed 41856K, reserved 1085440K
  class space    used 5283K, capacity 5716K, committed 5760K, reserved 1048576K
Event: 37.887 GC heap after
Heap after GC invocations=10 (full 2):
 PSYoungGen      total 210432K, used 18405K [0x000000076b200000, 0x0000000781200000, 0x00000007c0000000)
  eden space 192000K, 0% used [0x000000076b200000,0x000000076b200000,0x0000000776d80000)
  from space 18432K, 99% used [0x000000077ab80000,0x000000077bd79760,0x000000077bd80000)
  to   space 63488K, 0% used [0x0000000776d80000,0x0000000776d80000,0x000000077ab80000)
 ParOldGen       total 175616K, used 117744K [0x00000006c1600000, 0x00000006cc180000, 0x000000076b200000)
  object space 175616K, 67% used [0x00000006c1600000,0x00000006c88fc3e0,0x00000006cc180000)
 Metaspace       used 40089K, capacity 41732K, committed 41856K, reserved 1085440K
  class space    used 5283K, capacity 5716K, committed 5760K, reserved 1048576K
}
Event: 68.015 GC heap before
{Heap before GC invocations=11 (full 2):
 PSYoungGen      total 210432K, used 210405K [0x000000076b200000, 0x0000000781200000, 0x00000007c0000000)
  eden space 192000K, 100% used [0x000000076b200000,0x0000000776d80000,0x0000000776d80000)
  from space 18432K, 99% used [0x000000077ab80000,0x000000077bd79760,0x000000077bd80000)
  to   space 63488K, 0% used [0x0000000776d80000,0x0000000776d80000,0x000000077ab80000)
 ParOldGen       total 175616K, used 117744K [0x00000006c1600000, 0x00000006cc180000, 0x000000076b200000)
  object space 175616K, 67% used [0x00000006c1600000,0x00000006c88fc3e0,0x00000006cc180000)
 Metaspace       used 40904K, capacity 42712K, committed 43008K, reserved 1087488K
  class space    used 5372K, capacity 5806K, committed 5888K, reserved 1048576K
Event: 68.039 GC heap after
Heap after GC invocations=11 (full 2):
 PSYoungGen      total 255488K, used 63478K [0x000000076b200000, 0x0000000782c80000, 0x00000007c0000000)
  eden space 192000K, 0% used [0x000000076b200000,0x000000076b200000,0x0000000776d80000)
  from space 63488K, 99% used [0x0000000776d80000,0x000000077ab7dae8,0x000000077ab80000)
  to   space 85504K, 0% used [0x000000077d900000,0x000000077d900000,0x0000000782c80000)
 ParOldGen       total 175616K, used 142817K [0x00000006c1600000, 0x00000006cc180000, 0x000000076b200000)
  object space 175616K, 81% used [0x00000006c1600000,0x00000006ca178728,0x00000006cc180000)
 Metaspace       used 40904K, capacity 42712K, committed 43008K, reserved 1087488K
  class space    used 5372K, capacity 5806K, committed 5888K, reserved 1048576K
}
Event: 68.039 GC heap before
{Heap before GC invocations=12 (full 3):
 PSYoungGen      total 255488K, used 63478K [0x000000076b200000, 0x0000000782c80000, 0x00000007c0000000)
  eden space 192000K, 0% used [0x000000076b200000,0x000000076b200000,0x0000000776d80000)
  from space 63488K, 99% used [0x0000000776d80000,0x000000077ab7dae8,0x000000077ab80000)
  to   space 85504K, 0% used [0x000000077d900000,0x000000077d900000,0x0000000782c80000)
 ParOldGen       total 175616K, used 142817K [0x00000006c1600000, 0x00000006cc180000, 0x000000076b200000)
  object space 175616K, 81% used [0x00000006c1600000,0x00000006ca178728,0x00000006cc180000)
 Metaspace       used 40904K, capacity 42712K, committed 43008K, reserved 1087488K
  class space    used 5372K, capacity 5806K, committed 5888K, reserved 1048576K
Event: 68.238 GC heap after
Heap after GC invocations=12 (full 3):
 PSYoungGen      total 255488K, used 29168K [0x000000076b200000, 0x0000000782c80000, 0x00000007c0000000)
  eden space 192000K, 0% used [0x000000076b200000,0x000000076b200000,0x0000000776d80000)
  from space 63488K, 45% used [0x0000000776d80000,0x00000007789fc188,0x000000077ab80000)
  to   space 85504K, 0% used [0x000000077d900000,0x000000077d900000,0x0000000782c80000)
 ParOldGen       total 439296K, used 174866K [0x00000006c1600000, 0x00000006dc300000, 0x000000076b200000)
  object space 439296K, 39% used [0x00000006c1600000,0x00000006cc0c4b28,0x00000006dc300000)
 Metaspace       used 40904K, capacity 42712K, committed 43008K, reserved 1087488K
  class space    used 5372K, capacity 5806K, committed 5888K, reserved 1048576K
}
Event: 127.391 GC heap before
{Heap before GC invocations=13 (full 3):
 PSYoungGen      total 255488K, used 221168K [0x000000076b200000, 0x0000000782c80000, 0x00000007c0000000)
  eden space 192000K, 100% used [0x000000076b200000,0x0000000776d80000,0x0000000776d80000)
  from space 63488K, 45% used [0x0000000776d80000,0x00000007789fc188,0x000000077ab80000)
  to   space 85504K, 0% used [0x000000077d900000,0x000000077d900000,0x0000000782c80000)
 ParOldGen       total 439296K, used 174866K [0x00000006c1600000, 0x00000006dc300000, 0x000000076b200000)
  object space 439296K, 39% used [0x00000006c1600000,0x00000006cc0c4b28,0x00000006dc300000)
 Metaspace       used 40905K, capacity 42712K, committed 43008K, reserved 1087488K
  class space    used 5372K, capacity 5806K, committed 5888K, reserved 1048576K
Event: 127.405 GC heap after
Heap after GC invocations=13 (full 3):
 PSYoungGen      total 294912K, used 29270K [0x000000076b200000, 0x0000000782400000, 0x00000007c0000000)
  eden space 218112K, 0% used [0x000000076b200000,0x000000076b200000,0x0000000778700000)
  from space 76800K, 38% used [0x000000077d900000,0x000000077f595a10,0x0000000782400000)
  to   space 80384K, 0% used [0x0000000778700000,0x0000000778700000,0x000000077d580000)
 ParOldGen       total 439296K, used 174874K [0x00000006c1600000, 0x00000006dc300000, 0x000000076b200000)
  object space 439296K, 39% used [0x00000006c1600000,0x00000006cc0c6b28,0x00000006dc300000)
 Metaspace       used 40905K, capacity 42712K, committed 43008K, reserved 1087488K
  class space    used 5372K, capacity 5806K, committed 5888K, reserved 1048576K
}

